=‾=‾=‾=‾=‾=‾=‾=‾=‾=‾=‾= PuTTY log 2024.10.06 14:19:33 =‾=‾=‾=‾=‾=‾=‾=‾=‾=‾=‾=
3bpsBt Time: 0
Tempo: : 184bpm
Tempo: 3bps
Beat Time: 0
Tempo: 184bpm
Tempo: 3bps
Beat Time: 0
Tempo: 184bpm
Tempo: 3bps
Beat Time: 0
Tempo: : 184bpm
Tempo: 3bps
Beat Time: 0
Tempo: 184bpm
Tempo: 3bps
Beat Time: 0
Tempo: 184bpm
Tempo: 3bps
Beat Time: 0
Tempo: Tempo: 184bpm
Tempo: 3bps
Beat Time: 0
Tempo: 184bpm
Tempo: 3bps
Beat Time: 0
Tempo: 184bpm
Tempo: 3bps
Beat Time: 0
Tempo: 184bpm
Tempo: 3bps
Beat Time: 0
Tempo: 184bpm
Tempo: 3bps
Beat Time: 0
Tempo: 184bpm
Tempo: 3bps
Beat Time: 0
Tempo: 184bpm
Tempo: 3bps
Beat Time: 0
Tempo: 184bpm
Tempo: 3bps
Beat Time: 0
Tempo: 184bpm
Tempo: 3bps
Beat Time: 0
Tempo: 184bpm
Tempo: 3bps
Beat Time: 0
Tempo: 184bpm
Tempo: 3bps
Beat Time: 0
Tempo: 184bpm
Tempo: 3bps
Beat Time: 0
Tempo: 184bpm
Tempo: 3bps
Beat Time: 0
Tempo: 184bpm
Tempo: 3bps
Beat Time: 0
Tempo: 184bpm
Tempo: 3bps
Beat Time: 0
Tempo: 184bpm
Tempo: 3bps
Beat Time: 0
Tempo: 184bpm
Tempo: 3bps
Beat Time: 0
Tempo: 184bpm
Tempo: 3bps
Beat Time: 0
Tempo: 184bpm
Tempo: 3bps
Beat Time: 0
Tempo: 184bpm
Tempo: 3bps
Beat Time: 0
Tempo: 184bpm
Tempo: 3bps
Beat Time: 0
Tempo: 184bpm
Tempo: 3bps
Beat Time: 0
Tempo: 184bpm
Tempo: 3bps
Beat Time: 0
Tempo: 184bpm
Tempo: 3bps
Beat Time: 0
Tempo: 184bpm
Tempo: 3bps
Beat Time: 0
Tempo: 184bpm
Tempo: 3bps
Beat Time: 0
Tempo: 184bpm
Tempo: 3bps
Beat Time: 0
Tempo: 184bpm
Tempo: 3bps
Beat Time: 0
Tempo: 184bpm
Tempo: 3bps
Beat Time: 0
Tempo: 184bpm
Tempo: 3bps
Beat Time: 0
Tempo: 184bpm
Tempo: 3bps
Beat Time: 0
Tempo: 184bpm
Tempo: 3bps
Beat Time: 0
Tempo: 184bpm
Tempo: 3bps
Beat Time: 0
Tempo: 184bpm
Tempo: 3bps
Beat Time: 0
Tempo: 184bpm
Tempo: 3bps
Beat Time: 0
Tempo: 184bpm
Tempo: 3bps
Beat Time: 0
Tempo: 184bpm
Tempo: 3bps
Beat Time: 0
Tempo: 184bpm
Tempo: 3bps
Beat Time: 0
Tempo: 184bpm
Tempo: 3bps
Beat Time: 0
Tempo: 184bpm
Tempo: 3bps
Beat Time: 0
Tempo: 183bpm
Tempo: 3bps
Beat Time: 0
Tempo: 184bpm
Tempo: 3bps
Beat Time: 0
Tempo: 183bpm
Tempo: 3bps
Beat Time: 0
Tempo: 184bpm
Tempo: 3bps
Beat Time: 0
Tempo: 184bpm
Tempo: 3bps
Beat Time: 0
Tempo: 184bpm
Tempo: 3bps
Beat Time: 0
Tempo: 183bpm
Tempo: 3bps
Beat Time: 0
Tempo: 183bpm
Tempo: 3bps
Beat Time: 0
Tempo: 183bpm
Tempo: 3bps
Beat Time: 0
Tempo: 184bpm
Tempo: 3bps
Beat Time: 0
Tempo: 184bpm
Tempo: 3bps
Beat Time: 0
Tempo: 184bpm
Tempo: 3bps
Beat Time: 0
Tempo: 184bpm
Tempo: 3bps
Beat Time: 0
Tempo: 184bpm
Tempo: 3bps
Beat Time: 0
Tempo: 183bpm
Tempo: 3bps
Beat Time: 0
Tempo: 183bpm
Tempo: 3bps
Beat Time: 0
Tempo: 183bpm
Tempo: 3bps
Beat Time: 0
Tempo: 184bpm
Tempo: 3bps
Beat Time: 0
Tempo: 183bpm
Tempo: 3bps
Beat Time: 0
Tempo: 183bpm
Tempo: 3bps
Beat Time: 0
Tempo: 183bpm
Tempo: 3bps
Beat Time: 0
Tempo: 183bpm
Tempo: 3bps
Beat Time: 0
Tempo: 183bpm
Tempo: 3bps
Beat Time: 0
Tempo: 183bpm
Tempo: 3bps
Beat Time: 0
Tempo: 184bpm
Tempo: 3bps
Beat Time: 0
Tempo: 183bpm
Tempo: 3bps
Beat Time: 0
Tempo: 183bpm
Tempo: 3bps
Beat Time: 0
Tempo: 184bpm
Tempo: 3bps
Beat Time: 0
Tempo: 183bpm
Tempo: 3bps
Beat Time: 0
Tempo: 183bpm
Tempo: 3bps
Beat Time: 0
Tempo: 183bpm
Tempo: 3bps
Beat Time: 0
Tempo: 183bpm
Tempo: 3bps
Beat Time: 0
Tempo: 183bpm
Tempo: 3bps
Beat Time: 0
Tempo: 183bpm
Tempo: 3bps
Beat Time: 0
Tempo: 183bpm
Tempo: 3bps
Beat Time: 0
Tempo: 183bpm
Tempo: 3bps
Beat Time: 0
Tempo: 183bpm
Tempo: 3bps
Beat Time: 0
Tempo: 183bpm
Tempo: 3bps
Beat Time: 0
Tempo: 183bpm
Tempo: 3bps
Beat Time: 0
Tempo: 183bpm
Tempo: 3bps
Beat Time: 0
Tempo: 183bpm
Tempo: 3bps
Beat Time: 0
Tempo: 183bpm
Tempo: 3bps
Beat Time: 0
Tempo: 183bpm
Tempo: 3bps
Beat Time: 0
Tempo: 183bpm
Tempo: 3bps
Beat Time: 0
Tempo: 183bpm
Tempo: 3bps
Beat Time: 0
Tempo: 183bpm
Tempo: 3bps
Beat Time: 0
Tempo: 182bpm
Tempo: 3bps
Beat Time: 0
Tempo: 181bpm
Tempo: 3bps
Beat Time: 0
Tempo: 179bpm
Tempo: 2bps
Beat Time: 0
Tempo: 179bpm
Tempo: 2bps
Beat Time: 0
Tempo: 179bpm
Tempo: 2bps
Beat Time: 0
Tempo: 179bpm
Tempo: 2bps
Beat Time: 0
Tempo: 178bpm
Tempo: 2bps
Beat Time: 0
Tempo: 177bpm
Tempo: 2bps
Beat Time: 0
Tempo: 175bpm
Tempo: 2bps
Beat Time: 0
Tempo: 177bpm
Tempo: 2bps
Beat Time: 0
Tempo: 185bpm
Tempo: 3bps
Beat Time: 0
Tempo: 185bpm
Tempo: 3bps
Beat Time: 0
Tempo: 180bpm
Tempo: 3bps
Beat Time: 0
Tempo: 176bpm
Tempo: 2bps
Beat Time: 0
Tempo: 171bpm
Tempo: 2bps
Beat Time: 0
Tempo: 175bpm
Tempo: 2bps
Beat Time: 0
Tempo: 157bpm
Tempo: 2bps
Beat Time: 0
Tempo: 117bpm
Tempo: 1bps
Beat Time: 0
Tempo: 109bpm
Tempo: 1bps
Beat Time: 0
Tempo: 100bpm
Tempo: 1bps
Beat Time: 0
Tempo: 87bpm
Tempo: 1bps
Beat Time: 0
Tempo: 78bpm
Tempo: 1bps
Beat Time: 0
Tempo: 76bpm
Tempo: 1bps
Beat Time: 0
Tempo: 79bpm
Tempo: 1bps
Beat Time: 0
Tempo: 80bpm
Tempo: 1bps
Beat Time: 0
Tempo: 80bpm
Tempo: 1bps
Beat Time: 0
Tempo: 81bpm
Tempo: 1bps
Beat Time: 0
Tempo: 110bpm
Tempo: 1bps
Beat Time: 0
Tempo: 76bpm
Tempo: 1bps
Beat Time: 0
Tempo: 83bpm
Tempo: 1bps
Beat Time: 0
Tempo: 105bpm
Tempo: 1bps
Beat Time: 0
Tempo: 131bpm
Tempo: 2bps
Beat Time: 0
Tempo: 151bpm
Tempo: 2bps
Beat Time: 0
Tempo: 156bpm
Tempo: 2bps
Beat Time: 0
Tempo: 160bpm
Tempo: 2bps
Beat Time: 0
Tempo: 176bpm
Tempo: 2bps
Beat Time: 0
Tempo: 196bpm
Tempo: 3bps
Beat Time: 0
Tempo: 220bpm
Tempo: 3bps
Beat Time: 0
Tempo: 249bpm
Tempo: 4bps
Beat Time: 0
Tempo: 255bpm
Tempo: 4bps
Beat Time: 0
Tempo: 264bpm
Tempo: 4bps
Beat Time: 0
Tempo: 341bpm
Tempo: 5bps
Beat Time: 0
Tempo: 341bpm
Tempo: 5bps
Beat Time: 0
Tempo: 341bpm
Tempo: 5bps
Beat Time: 0
Tempo: 341bpm
Tempo: 5bps
Beat Time: 0
Tempo: 341bpm
Tempo: 5bps
Beat Time: 0
Tempo: 341bpm
Tempo: 5bps
Beat Time: 0
Tempo: 341bpm
Tempo: 5bps
Beat Time: 0
Tempo: 341bpm
Tempo: 5bps
Beat Time: 0
Tempo: 341bpm
Tempo: 5bps
Beat Time: 0
Tempo: 341bpm
Tempo: 5bps
Beat Time: 0
Tempo: 303bpm
Tempo: 5bps
Beat Time: 0
Tempo: 299bpm
Tempo: 4bps
Beat Time: 0
Tempo: 286bpm
Tempo: 4bps
Beat Time: 0
Tempo: 272bpm
Tempo: 4bps
Beat Time: 0
Tempo: 251bpm
Tempo: 4bps
Beat Time: 0
Tempo: 244bpm
Tempo: 4bps
Beat Time: 0
Tempo: 341bpm
Tempo: 5bps
Beat Time: 0
Tempo: 340bpm
Tempo: 5bps
Beat Time: 0
Tempo: 341bpm
Tempo: 5bps
Beat Time: 0
Tempo: 341bpm
Tempo: 5bps
Beat Time: 0
Tempo: 341bpm
Tempo: 5bps
Beat Time: 0
Tempo: 341bpm
Tempo: 5bps
Beat Time: 0
Tempo: 341bpm
Tempo: 5bps
Beat Time: 0
Tempo: 341bpm
Tempo: 5bps
Beat Time: 0
Tempo: 341bpm
Tempo: 5bps
Beat Time: 0
Tempo: 341bpm
Tempo: 5bps
Beat Time: 0
Tempo: 341bpm
Tempo: 5bps
Beat Time: 0
Tempo: 341bpm
Tempo: 5bps
Beat Time: 0
Tempo: 341bpm
Tempo: 5bps
Beat Time: 0
Tempo: 341bpm
Tempo: 5bps
Beat Time: 0
Tempo: 341bpm
Tempo: 5bps
Beat Time: 0
Tempo: 341bpm
Tempo: 5bps
Beat Time: 0
Tempo: 341bpm
Tempo: 5bps
Beat Time: 0
Tempo: 341bpm
Tempo: 5bps
Beat Time: 0
Tempo: 341bpm
Tempo: 5bps
Beat Time: 0
Tempo: 341bpm
Tempo: 5bps
Beat Time: 0
Tempo: 340bpm
Tempo: 5bps
Beat Time: 0
Tempo: 341bpm
Tempo: 5bps
Beat Time: 0
Tempo: 341bpm
Tempo: 5bps
Beat Time: 0
Tempo: 341bpm
Tempo: 5bps
Beat Time: 0
Tempo: 341bpm
Tempo: 5bps
Beat Time: 0
Tempo: 341bpm
Tempo: 5bps
Beat Time: 0
Tempo: 341bpm
Tempo: 5bps
Beat Time: 0
Tempo: 341bpm
Tempo: 5bps
Beat Time: 0
Tempo: 340bpm
Tempo: 5bps
Beat Time: 0
Tempo: 341bpm
Tempo: 5bps
Beat Time: 0
Tempo: 341bpm
Tempo: 5bps
Beat Time: 0
Tempo: 341bpm
Tempo: 5bps
Beat Time: 0
Tempo: 341bpm
Tempo: 5bps
Beat Time: 0
Tempo: 341bpm
Tempo: 5bps
Beat Time: 0
Tempo: 341bpm
Tempo: 5bps
Beat Time: 0
Tempo: 341bpm
Tempo: 5bps
Beat Time: 0
Tempo: 341bpm
Tempo: 5bps
Beat Time: 0
Tempo: 341bpm
Tempo: 5bps
Beat Time: 0
Tempo: 341bpm
Tempo: 5bps
Beat Time: 0
Tempo: 341bpm
Tempo: 5bps
Beat Time: 0
Tempo: 341bpm
Tempo: 5bps
Beat Time: 0
Tempo: 341bpm
Tempo: 5bps
Beat Time: 0
Tempo: 341bpm
Tempo: 5bps
Beat Time: 0
Tempo: 341bpm
Tempo: 5bps
Beat Time: 0
Tempo: 341bpm
Tempo: 5bps
Beat Time: 0
Tempo: 341bpm
Tempo: 5bps
Beat Time: 0
Tempo: 341bpm
Tempo: 5bps
Beat Time: 0
Tempo: 341bpm
Tempo: 5bps
Beat Time: 0
Tempo: 341bpm
Tempo: 5bps
Beat Time: 0
Tempo: 341bpm
Tempo: 5bps
Beat Time: 0
Tempo: 341bpm
Tempo: 5bps
Beat Time: 0
Tempo: 341bpm
Tempo: 5bps
Beat Time: 0
Tempo: 341bpm
Tempo: 5bps
Beat Time: 0
Tempo: 341bpm
Tempo: 5bps
Beat Time: 0
Tempo: 341bpm
Tempo: 5bps
Beat Time: 0
Tempo: 341bpm
Tempo: 5bps
Beat Time: 0
Tempo: 341bpm
Tempo: 5bps
Beat Time: 0
Tempo: 341bpm
Tempo: 5bps
Beat Time: 0
Tempo: 341bpm
Tempo: 5bps
Beat Time: 0
Tempo: 341bpm
Tempo: 5bps
Beat Time: 0
Tempo: 341bpm
Tempo: 5bps
Beat Time: 0
Tempo: 341bpm
Tempo: 5bps
Beat Time: 0
Tempo: 341bpm
Tempo: 5bps
Beat Time: 0
Tempo: 341bpm
Tempo: 5bps
Beat Time: 0
Tempo: 341bpm
Tempo: 5bps
Beat Time: 0
Tempo: 341bpm
Tempo: 5bps
Beat Time: 0
Tempo: 341bpm
Tempo: 5bps
Beat Time: 0
Tempo: 341bpm
Tempo: 5bps
Beat Time: 0
Tempo: 341bpm
Tempo: 5bps
Beat Time: 0
Tempo: 341bpm
Tempo: 5bps
Beat Time: 0
Tempo: 341bpm
Tempo: 5bps
Beat Time: 0
Tempo: 341bpm
Tempo: 5bps
Beat Time: 0
Tempo: 341bpm
Tempo: 5bps
Beat Time: 0
Tempo: 341bpm
Tempo: 5bps
Beat Time: 0
Tempo: 341bpm
Tempo: 5bps
Beat Time: 0
Tempo: 341